{"type": "publish", "channel": "canal_client2_0", "message": "client2 diz: Mensagem de teste", "timestamp": "2026-05-01 14:30:19 BRT", "logical_clock": 9, "server_id": "server2", "server_rank": 1, "stored_at": "2026-05-01 14:30:19 BRT"}
{"type": "publish", "channel": "canal_client1_1", "message": "client1 diz: Alguém por aqui?", "timestamp": "2026-05-01 14:30:19 BRT", "logical_clock": 14, "server_id": "server1", "server_rank": 2, "stored_at": "2026-05-01 14:30:19 BRT"}
{"type": "publish", "channel": "canal_client2_0", "message": "client2 diz: Alguém por aqui?", "timestamp": "2026-05-01 14:30:20 BRT", "logical_clock": 12, "server_id": "server2", "server_rank": 1, "stored_at": "2026-05-01 14:30:20 BRT"}
{"type": "publish", "channel": "canal_client1_1", "message": "client1 diz: Isso é um projeto de SD", "timestamp": "2026-05-01 14:30:20 BRT", "logical_clock": 17, "server_id": "server1", "server_rank": 2, "stored_at": "2026-05-01 14:30:20 BRT"}
{"type": "publish", "channel": "canal_client2_0", "message": "client2 diz: Mensagem de teste", "timestamp": "2026-05-01 14:30:21 BRT", "logical_clock": 15, "server_id": "server2", "server_rank": 1, "stored_at": "2026-05-01 14:30:21 BRT"}
{"type": "publish", "channel": "canal_client1_1", "message": "client1 diz: Testando publicação no canal", "timestamp": "2026-05-01 14:30:21 BRT", "logical_clock": 20, "server_id": "server1", "server_rank": 2, "stored_at": "2026-05-01 14:30:21 BRT"}
{"type": "publish", "channel": "canal_client2_0", "message": "client2 diz: Mensagem de teste", "timestamp": "2026-05-01 14:30:22 BRT", "logical_clock": 18, "server_id": "server2", "server_rank": 1, "stored_at": "2026-05-01 14:30:22 BRT"}
{"type": "publish", "channel": "canal_client1_1", "message": "client1 diz: Testando publicação no canal", "timestamp": "2026-05-01 14:30:22 BRT", "logical_clock": 23, "server_id": "server1", "server_rank": 2, "stored_at": "2026-05-01 14:30:22 BRT"}
{"type": "publish", "channel": "canal_client2_0", "message": "client2 diz: Mensagem de teste", "timestamp": "2026-05-01 14:30:23 BRT", "logical_clock": 21, "server_id": "server2", "server_rank": 1, "stored_at": "2026-05-01 14:30:23 BRT"}
{"type": "publish", "channel": "canal_client1_1", "message": "client1 diz: Testando publicação no canal", "timestamp": "2026-05-01 14:30:23 BRT", "logical_clock": 26, "server_id": "server1", "server_rank": 2, "stored_at": "2026-05-01 14:30:23 BRT"}
{"type": "publish", "channel": "canal_client2_0", "message": "client2 diz: Bom dia, pessoal!", "timestamp": "2026-05-01 14:30:24 BRT", "logical_clock": 24, "server_id": "server2", "server_rank": 1, "stored_at": "2026-05-01 14:30:24 BRT"}
{"type": "publish", "channel": "canal_client1_1", "message": "client1 diz: Mensagem automática do bot", "timestamp": "2026-05-01 14:30:24 BRT", "logical_clock": 29, "server_id": "server1", "server_rank": 2, "stored_at": "2026-05-01 14:30:24 BRT"}
{"type": "publish", "channel": "canal_client2_0", "message": "client2 diz: Mensagem de teste", "timestamp": "2026-05-01 14:30:25 BRT", "logical_clock": 27, "server_id": "server2", "server_rank": 1, "stored_at": "2026-05-01 14:30:25 BRT"}
{"type": "publish", "channel": "canal_client1_1", "message": "client1 diz: Testando publicação no canal", "timestamp": "2026-05-01 14:30:25 BRT", "logical_clock": 32, "server_id": "server1", "server_rank": 2, "stored_at": "2026-05-01 14:30:25 BRT"}
{"type": "publish", "channel": "canal_client2_0", "message": "client2 diz: Mensagem de teste", "timestamp": "2026-05-01 14:30:26 BRT", "logical_clock": 30, "server_id": "server2", "server_rank": 1, "stored_at": "2026-05-01 14:30:26 BRT"}
{"type": "publish", "channel": "canal_client1_1", "message": "client1 diz: Isso é um projeto de SD", "timestamp": "2026-05-01 14:30:26 BRT", "logical_clock": 35, "server_id": "server1", "server_rank": 2, "stored_at": "2026-05-01 14:30:26 BRT"}
{"type": "publish", "channel": "canal_client2_0", "message": "client2 diz: Mensagem automática do bot", "timestamp": "2026-05-01 14:30:27 BRT", "logical_clock": 33, "server_id": "server2", "server_rank": 1, "stored_at": "2026-05-01 14:30:27 BRT"}
{"type": "publish", "channel": "canal_client1_1", "message": "client1 diz: Mensagem automática do bot", "timestamp": "2026-05-01 14:30:27 BRT", "logical_clock": 38, "server_id": "server1", "server_rank": 2, "stored_at": "2026-05-01 14:30:27 BRT"}
{"type": "publish", "channel": "canal_client2_0", "message": "client2 diz: Alguém por aqui?", "timestamp": "2026-05-01 14:30:28 BRT", "logical_clock": 36, "server_id": "server2", "server_rank": 1, "stored_at": "2026-05-01 14:30:28 BRT"}
{"type": "publish", "channel": "canal_client1_1", "message": "client1 diz: Olá, tudo bem?", "timestamp": "2026-05-01 14:30:28 BRT", "logical_clock": 41, "server_id": "server1", "server_rank": 2, "stored_at": "2026-05-01 14:30:28 BRT"}
{"type": "publish", "channel": "canal_client2_0", "message": "client2 diz: Mensagem de teste", "timestamp": "2026-05-01 14:30:29 BRT", "logical_clock": 39, "server_id": "server2", "server_rank": 1, "stored_at": "2026-05-01 14:30:29 BRT"}
{"type": "publish", "channel": "canal_client2_0", "message": "client1 diz: Mensagem automática do bot", "timestamp": "2026-05-01 14:30:29 BRT", "logical_clock": 44, "server_id": "server1", "server_rank": 2, "stored_at": "2026-05-01 14:30:29 BRT"}
{"type": "publish", "channel": "canal_client2_0", "message": "client2 diz: Bom dia, pessoal!", "timestamp": "2026-05-01 14:30:30 BRT", "logical_clock": 47, "server_id": "server2", "server_rank": 1, "stored_at": "2026-05-01 14:30:30 BRT"}
{"type": "publish", "channel": "canal_client2_0", "message": "client1 diz: Olá, tudo bem?", "timestamp": "2026-05-01 14:30:30 BRT", "logical_clock": 50, "server_id": "server1", "server_rank": 2, "stored_at": "2026-05-01 14:30:30 BRT"}
{"type": "publish", "channel": "canal_client2_0", "message": "client2 diz: Bom dia, pessoal!", "timestamp": "2026-05-01 14:30:31 BRT", "logical_clock": 53, "server_id": "server2", "server_rank": 1, "stored_at": "2026-05-01 14:30:31 BRT"}
{"type": "publish", "channel": "canal_client2_0", "message": "client1 diz: Mensagem automática do bot", "timestamp": "2026-05-01 14:30:31 BRT", "logical_clock": 64, "server_id": "server1", "server_rank": 2, "stored_at": "2026-05-01 14:30:31 BRT"}
{"type": "publish", "channel": "canal_client2_0", "message": "client2 diz: Isso é um projeto de SD", "timestamp": "2026-05-01 14:30:32 BRT", "logical_clock": 70, "server_id": "server2", "server_rank": 1, "stored_at": "2026-05-01 14:30:32 BRT"}
{"type": "publish", "channel": "canal_client2_0", "message": "client1 diz: Mensagem automática do bot", "timestamp": "2026-05-01 14:30:32 BRT", "logical_clock": 73, "server_id": "server1", "server_rank": 2, "stored_at": "2026-05-01 14:30:32 BRT"}
