{"type": "publish", "channel": "canal_client2_1", "message": "client2 diz: Alguém por aqui?", "timestamp": "2026-05-01 14:24:00 BRT", "logical_clock": 9, "server_id": "server1", "server_rank": 2, "stored_at": "2026-05-01 14:24:00 BRT"}
{"type": "publish", "channel": "canal_client1_0", "message": "client1 diz: Mensagem de teste", "timestamp": "2026-05-01 14:24:00 BRT", "logical_clock": 9, "server_id": "server2", "server_rank": 1, "stored_at": "2026-05-01 14:24:00 BRT"}
{"type": "publish", "channel": "canal_client2_1", "message": "client2 diz: Mensagem automática do bot", "timestamp": "2026-05-01 14:24:01 BRT", "logical_clock": 12, "server_id": "server2", "server_rank": 1, "stored_at": "2026-05-01 14:24:01 BRT"}
{"type": "publish", "channel": "canal_client1_0", "message": "client1 diz: Mensagem de teste", "timestamp": "2026-05-01 14:24:01 BRT", "logical_clock": 12, "server_id": "server1", "server_rank": 2, "stored_at": "2026-05-01 14:24:01 BRT"}
{"type": "publish", "channel": "canal_client2_1", "message": "client2 diz: Alguém por aqui?", "timestamp": "2026-05-01 14:24:02 BRT", "logical_clock": 15, "server_id": "server2", "server_rank": 1, "stored_at": "2026-05-01 14:24:02 BRT"}
{"type": "publish", "channel": "canal_client1_0", "message": "client1 diz: Olá, tudo bem?", "timestamp": "2026-05-01 14:24:02 BRT", "logical_clock": 15, "server_id": "server1", "server_rank": 2, "stored_at": "2026-05-01 14:24:02 BRT"}
{"type": "publish", "channel": "canal_client2_1", "message": "client2 diz: Mensagem de teste", "timestamp": "2026-05-01 14:24:03 BRT", "logical_clock": 18, "server_id": "server2", "server_rank": 1, "stored_at": "2026-05-01 14:24:03 BRT"}
{"type": "publish", "channel": "canal_client1_0", "message": "client1 diz: Mensagem de teste", "timestamp": "2026-05-01 14:24:03 BRT", "logical_clock": 18, "server_id": "server1", "server_rank": 2, "stored_at": "2026-05-01 14:24:03 BRT"}
{"type": "publish", "channel": "canal_client2_1", "message": "client2 diz: Alguém por aqui?", "timestamp": "2026-05-01 14:24:04 BRT", "logical_clock": 21, "server_id": "server2", "server_rank": 1, "stored_at": "2026-05-01 14:24:04 BRT"}
{"type": "publish", "channel": "canal_client1_0", "message": "client1 diz: Mensagem de teste", "timestamp": "2026-05-01 14:24:04 BRT", "logical_clock": 21, "server_id": "server1", "server_rank": 2, "stored_at": "2026-05-01 14:24:04 BRT"}
{"type": "publish", "channel": "canal_client2_1", "message": "client2 diz: Alguém por aqui?", "timestamp": "2026-05-01 14:24:05 BRT", "logical_clock": 24, "server_id": "server2", "server_rank": 1, "stored_at": "2026-05-01 14:24:05 BRT"}
{"type": "publish", "channel": "canal_client1_0", "message": "client1 diz: Testando publicação no canal", "timestamp": "2026-05-01 14:24:05 BRT", "logical_clock": 24, "server_id": "server1", "server_rank": 2, "stored_at": "2026-05-01 14:24:05 BRT"}
{"type": "publish", "channel": "canal_client2_1", "message": "client2 diz: Mensagem de teste", "timestamp": "2026-05-01 14:24:06 BRT", "logical_clock": 27, "server_id": "server2", "server_rank": 1, "stored_at": "2026-05-01 14:24:06 BRT"}
{"type": "publish", "channel": "canal_client1_0", "message": "client1 diz: Testando publicação no canal", "timestamp": "2026-05-01 14:24:06 BRT", "logical_clock": 27, "server_id": "server1", "server_rank": 2, "stored_at": "2026-05-01 14:24:06 BRT"}
{"type": "publish", "channel": "canal_client2_1", "message": "client2 diz: Bom dia, pessoal!", "timestamp": "2026-05-01 14:24:07 BRT", "logical_clock": 30, "server_id": "server2", "server_rank": 1, "stored_at": "2026-05-01 14:24:07 BRT"}
{"type": "publish", "channel": "canal_client1_0", "message": "client1 diz: Bom dia, pessoal!", "timestamp": "2026-05-01 14:24:07 BRT", "logical_clock": 30, "server_id": "server1", "server_rank": 2, "stored_at": "2026-05-01 14:24:07 BRT"}
{"type": "publish", "channel": "canal_client2_1", "message": "client2 diz: Olá, tudo bem?", "timestamp": "2026-05-01 14:24:08 BRT", "logical_clock": 33, "server_id": "server2", "server_rank": 1, "stored_at": "2026-05-01 14:24:08 BRT"}
{"type": "publish", "channel": "canal_client1_0", "message": "client1 diz: Bom dia, pessoal!", "timestamp": "2026-05-01 14:24:08 BRT", "logical_clock": 33, "server_id": "server1", "server_rank": 2, "stored_at": "2026-05-01 14:24:08 BRT"}
{"type": "publish", "channel": "canal_client2_1", "message": "client2 diz: Bom dia, pessoal!", "timestamp": "2026-05-01 14:24:09 BRT", "logical_clock": 36, "server_id": "server2", "server_rank": 1, "stored_at": "2026-05-01 14:24:09 BRT"}
{"type": "publish", "channel": "canal_client1_0", "message": "client1 diz: Mensagem automática do bot", "timestamp": "2026-05-01 14:24:09 BRT", "logical_clock": 36, "server_id": "server1", "server_rank": 2, "stored_at": "2026-05-01 14:24:09 BRT"}
{"type": "publish", "channel": "canal_client1_0", "message": "client2 diz: Mensagem de teste", "timestamp": "2026-05-01 14:24:10 BRT", "logical_clock": 39, "server_id": "server2", "server_rank": 1, "stored_at": "2026-05-01 14:24:10 BRT"}
{"type": "publish", "channel": "canal_client1_0", "message": "client1 diz: Mensagem automática do bot", "timestamp": "2026-05-01 14:24:10 BRT", "logical_clock": 42, "server_id": "server1", "server_rank": 2, "stored_at": "2026-05-01 14:24:10 BRT"}
