{"type": "publish", "channel": "canal_client1_0", "message": "client1 diz: Mensagem automática do bot", "timestamp": "2026-05-01 14:46:40 BRT", "logical_clock": 9, "server_id": "server1", "server_rank": 1, "stored_at": "2026-05-01 14:46:40 BRT"}
{"type": "publish", "channel": "canal_client1_0", "message": "client2 diz: Olá, tudo bem?", "timestamp": "2026-05-01 14:46:41 BRT", "logical_clock": 14, "server_id": "server2", "server_rank": 2, "stored_at": "2026-05-01 14:46:41 BRT"}
{"type": "publish", "channel": "canal_client1_0", "message": "client1 diz: Mensagem automática do bot", "timestamp": "2026-05-01 14:46:42 BRT", "logical_clock": 17, "server_id": "server1", "server_rank": 1, "stored_at": "2026-05-01 14:46:42 BRT"}
{"type": "publish", "channel": "canal_client1_0", "message": "client2 diz: Olá, tudo bem?", "timestamp": "2026-05-01 14:46:42 BRT", "logical_clock": 20, "server_id": "server2", "server_rank": 2, "stored_at": "2026-05-01 14:46:42 BRT"}
{"type": "publish", "channel": "canal_client1_0", "message": "client1 diz: Mensagem automática do bot", "timestamp": "2026-05-01 14:46:43 BRT", "logical_clock": 23, "server_id": "server1", "server_rank": 1, "stored_at": "2026-05-01 14:46:43 BRT"}
{"type": "publish", "channel": "canal_client1_0", "message": "client2 diz: Alguém por aqui?", "timestamp": "2026-05-01 14:46:43 BRT", "logical_clock": 26, "server_id": "server2", "server_rank": 2, "stored_at": "2026-05-01 14:46:43 BRT"}
{"type": "publish", "channel": "canal_client1_0", "message": "client1 diz: Mensagem de teste", "timestamp": "2026-05-01 14:46:44 BRT", "logical_clock": 29, "server_id": "server1", "server_rank": 1, "stored_at": "2026-05-01 14:46:44 BRT"}
{"type": "publish", "channel": "canal_client1_0", "message": "client2 diz: Alguém por aqui?", "timestamp": "2026-05-01 14:46:44 BRT", "logical_clock": 32, "server_id": "server2", "server_rank": 2, "stored_at": "2026-05-01 14:46:44 BRT"}
{"type": "publish", "channel": "canal_client1_0", "message": "client1 diz: Mensagem automática do bot", "timestamp": "2026-05-01 14:46:45 BRT", "logical_clock": 35, "server_id": "server1", "server_rank": 1, "stored_at": "2026-05-01 14:46:45 BRT"}
{"type": "publish", "channel": "canal_client1_0", "message": "client2 diz: Bom dia, pessoal!", "timestamp": "2026-05-01 14:46:45 BRT", "logical_clock": 38, "server_id": "server2", "server_rank": 2, "stored_at": "2026-05-01 14:46:45 BRT"}
{"type": "publish", "channel": "canal_client1_0", "message": "client1 diz: Bom dia, pessoal!", "timestamp": "2026-05-01 14:46:46 BRT", "logical_clock": 41, "server_id": "server1", "server_rank": 1, "stored_at": "2026-05-01 14:46:46 BRT"}
{"type": "publish", "channel": "canal_client1_0", "message": "client2 diz: Mensagem automática do bot", "timestamp": "2026-05-01 14:46:46 BRT", "logical_clock": 44, "server_id": "server2", "server_rank": 2, "stored_at": "2026-05-01 14:46:46 BRT"}
{"type": "publish", "channel": "canal_client1_0", "message": "client1 diz: Bom dia, pessoal!", "timestamp": "2026-05-01 14:46:47 BRT", "logical_clock": 47, "server_id": "server1", "server_rank": 1, "stored_at": "2026-05-01 14:46:47 BRT"}
{"type": "publish", "channel": "canal_client1_0", "message": "client2 diz: Olá, tudo bem?", "timestamp": "2026-05-01 14:46:47 BRT", "logical_clock": 50, "server_id": "server2", "server_rank": 2, "stored_at": "2026-05-01 14:46:47 BRT"}
{"type": "publish", "channel": "canal_client1_0", "message": "client1 diz: Alguém por aqui?", "timestamp": "2026-05-01 14:46:48 BRT", "logical_clock": 53, "server_id": "server1", "server_rank": 1, "stored_at": "2026-05-01 14:46:48 BRT"}
{"type": "publish", "channel": "canal_client1_0", "message": "client2 diz: Olá, tudo bem?", "timestamp": "2026-05-01 14:46:48 BRT", "logical_clock": 56, "server_id": "server2", "server_rank": 2, "stored_at": "2026-05-01 14:46:48 BRT"}
{"type": "publish", "channel": "canal_client1_0", "message": "client1 diz: Isso é um projeto de SD", "timestamp": "2026-05-01 14:46:49 BRT", "logical_clock": 59, "server_id": "server1", "server_rank": 1, "stored_at": "2026-05-01 14:46:49 BRT"}
{"type": "publish", "channel": "canal_client1_0", "message": "client2 diz: Mensagem de teste", "timestamp": "2026-05-01 14:46:49 BRT", "logical_clock": 62, "server_id": "server2", "server_rank": 2, "stored_at": "2026-05-01 14:46:49 BRT"}
{"type": "publish", "channel": "canal_client1_0", "message": "client1 diz: Testando publicação no canal", "timestamp": "2026-05-01 14:46:50 BRT", "logical_clock": 65, "server_id": "server1", "server_rank": 1, "stored_at": "2026-05-01 14:46:50 BRT"}
{"type": "publish", "channel": "canal_client1_0", "message": "client2 diz: Alguém por aqui?", "timestamp": "2026-05-01 14:46:50 BRT", "logical_clock": 68, "server_id": "server2", "server_rank": 2, "stored_at": "2026-05-01 14:46:50 BRT"}
{"type": "publish", "channel": "canal_client1_0", "message": "client1 diz: Olá, tudo bem?", "timestamp": "2026-05-01 14:46:51 BRT", "logical_clock": 71, "server_id": "server1", "server_rank": 1, "stored_at": "2026-05-01 14:46:51 BRT"}
{"type": "publish", "channel": "canal_client2_1", "message": "client2 diz: Olá, tudo bem?", "timestamp": "2026-05-01 14:46:51 BRT", "logical_clock": 74, "server_id": "server2", "server_rank": 2, "stored_at": "2026-05-01 14:46:51 BRT"}
{"type": "publish", "channel": "canal_client1_0", "message": "client1 diz: Bom dia, pessoal!", "timestamp": "2026-05-01 14:46:52 BRT", "logical_clock": 74, "server_id": "server1", "server_rank": 1, "stored_at": "2026-05-01 14:46:52 BRT"}
{"type": "publish", "channel": "canal_client2_1", "message": "client2 diz: Mensagem automática do bot", "timestamp": "2026-05-01 14:46:52 BRT", "logical_clock": 77, "server_id": "server2", "server_rank": 2, "stored_at": "2026-05-01 14:46:52 BRT"}
{"type": "publish", "channel": "canal_client1_0", "message": "client1 diz: Bom dia, pessoal!", "timestamp": "2026-05-01 14:46:53 BRT", "logical_clock": 77, "server_id": "server1", "server_rank": 1, "stored_at": "2026-05-01 14:46:53 BRT"}
{"type": "coordinator_announcement", "server_id": "server1", "coordinator": "server1", "logical_clock": 83, "stored_at": "2026-05-01 14:46:53 BRT"}
{"type": "publish", "channel": "canal_client2_1", "message": "client2 diz: Isso é um projeto de SD", "timestamp": "2026-05-01 14:46:53 BRT", "logical_clock": 84, "server_id": "server2", "server_rank": 2, "stored_at": "2026-05-01 14:46:53 BRT"}
{"type": "publish", "channel": "canal_client1_0", "message": "client1 diz: Bom dia, pessoal!", "timestamp": "2026-05-01 14:46:54 BRT", "logical_clock": 90, "server_id": "server1", "server_rank": 1, "stored_at": "2026-05-01 14:46:54 BRT"}
{"type": "publish", "channel": "canal_client2_1", "message": "client2 diz: Isso é um projeto de SD", "timestamp": "2026-05-01 14:46:54 BRT", "logical_clock": 93, "server_id": "server2", "server_rank": 2, "stored_at": "2026-05-01 14:46:54 BRT"}
{"type": "publish", "channel": "canal_client1_0", "message": "client1 diz: Testando publicação no canal", "timestamp": "2026-05-01 14:46:55 BRT", "logical_clock": 93, "server_id": "server1", "server_rank": 1, "stored_at": "2026-05-01 14:46:55 BRT"}
{"type": "publish", "channel": "canal_client2_1", "message": "client2 diz: Alguém por aqui?", "timestamp": "2026-05-01 14:46:55 BRT", "logical_clock": 96, "server_id": "server2", "server_rank": 2, "stored_at": "2026-05-01 14:46:55 BRT"}
